{"contracts\\Migrations.sol":{"l":{"10":0,"14":0,"18":0,"22":0,"23":0},"path":"C:\\Users\\Raghav Patidar\\Desktop\\bttp\\contracts\\Migrations.sol","s":{"1":0,"2":0,"3":0},"b":{"1":[0,0],"2":[0,0],"3":[0,0]},"f":{"1":0,"2":0,"3":0,"4":0},"fnMap":{"1":{"name":"constructor","line":9,"loc":{"start":{"line":9,"column":2},"end":{"line":11,"column":2}}},"2":{"name":"restricted","line":13,"loc":{"start":{"line":13,"column":2},"end":{"line":15,"column":2}}},"3":{"name":"setCompleted","line":17,"loc":{"start":{"line":17,"column":2},"end":{"line":19,"column":2}}},"4":{"name":"upgrade","line":21,"loc":{"start":{"line":21,"column":2},"end":{"line":24,"column":2}}}},"statementMap":{"1":{"start":{"line":14,"column":4},"end":{"line":14,"column":30}},"2":{"start":{"line":22,"column":4},"end":{"line":22,"column":49}},"3":{"start":{"line":23,"column":4},"end":{"line":23,"column":50}}},"branchMap":{"1":{"line":14,"type":"if","locations":[{"start":{"line":14,"column":4},"end":{"line":14,"column":4}},{"start":{"line":14,"column":4},"end":{"line":14,"column":4}}]},"2":{"line":17,"type":"if","locations":[{"start":{"line":17,"column":47},"end":{"line":17,"column":47}},{"start":{"line":17,"column":47},"end":{"line":17,"column":47}}]},"3":{"line":21,"type":"if","locations":[{"start":{"line":21,"column":47},"end":{"line":21,"column":47}},{"start":{"line":21,"column":47},"end":{"line":21,"column":47}}]}}},"contracts\\Rfp.sol":{"l":{"91":1,"92":1,"97":1,"98":1,"103":1,"108":1,"113":1,"118":1,"122":1,"125":1,"128":1,"134":1,"137":1,"140":1,"143":1,"146":1,"150":3,"155":6,"157":6,"158":6,"163":1,"165":1,"166":1,"171":15,"173":15,"174":15,"178":1,"180":1,"181":1,"186":2,"188":2,"193":3,"194":2,"200":22,"201":22,"206":1,"207":1,"213":3,"214":2,"220":26,"221":26,"223":0,"229":20,"230":20,"235":2,"236":2,"242":14,"243":14,"244":14,"245":14,"253":10,"255":10,"256":10,"257":10,"258":10,"259":10,"260":10,"266":1,"268":1,"269":1,"270":1,"271":1,"272":1,"277":2,"282":3,"288":21,"290":21,"291":21,"292":21,"293":21,"294":21,"296":21,"302":1,"304":1,"305":1,"306":1,"307":1,"308":1,"309":1,"315":2,"320":3,"325":5,"327":5,"328":5,"329":5,"330":5,"332":5,"337":2,"341":2,"342":2,"347":2,"348":2,"353":2,"355":2,"360":1,"362":1,"366":0,"367":0,"372":0,"373":0},"path":"C:\\Users\\Raghav Patidar\\Desktop\\bttp\\contracts\\Rfp.sol","s":{"1":1,"2":1,"3":1,"4":1,"5":1,"6":1,"7":1,"8":1,"9":1,"10":1,"11":1,"12":1,"13":1,"14":3,"15":6,"16":6,"17":1,"18":1,"19":15,"20":15,"21":1,"22":1,"23":2,"24":3,"25":2,"26":22,"27":22,"28":1,"29":1,"30":3,"31":2,"32":26,"33":26,"34":0,"35":20,"36":20,"37":2,"38":2,"39":14,"40":10,"41":10,"42":10,"43":1,"44":2,"45":3,"46":21,"47":21,"48":21,"49":1,"50":2,"51":3,"52":5,"53":5,"54":2,"55":2,"56":2,"57":2,"58":2,"59":2,"60":1,"61":0,"62":0,"63":0},"b":{"1":[6,0],"2":[1,0],"3":[15,0],"4":[1,0],"5":[2,0],"6":[2,1],"7":[22,0],"8":[8,14],"9":[1,0],"10":[1,0],"11":[2,1],"12":[26,0],"13":[20,0],"14":[14,6],"15":[2,0],"16":[14,0],"17":[10,0],"18":[1,0],"19":[21,0],"20":[1,0],"21":[5,0],"22":[2,0],"23":[2,0],"24":[2,0],"25":[1,0],"26":[0,0]},"f":{"1":1,"2":1,"3":1,"4":1,"5":1,"6":1,"7":1,"8":1,"9":1,"10":1,"11":1,"12":1,"13":1,"14":1,"15":3,"16":6,"17":1,"18":15,"19":1,"20":2,"21":3,"22":22,"23":1,"24":3,"25":26,"26":20,"27":2,"28":14,"29":10,"30":1,"31":2,"32":3,"33":21,"34":1,"35":2,"36":3,"37":5,"38":2,"39":2,"40":2,"41":2,"42":1,"43":0,"44":0},"fnMap":{"1":{"name":"constructor","line":90,"loc":{"start":{"line":90,"column":4},"end":{"line":93,"column":4}}},"2":{"name":"addAdmin","line":96,"loc":{"start":{"line":96,"column":4},"end":{"line":99,"column":4}}},"3":{"name":"getRfpCount","line":102,"loc":{"start":{"line":102,"column":4},"end":{"line":104,"column":4}}},"4":{"name":"getAgencyCount","line":107,"loc":{"start":{"line":107,"column":4},"end":{"line":109,"column":4}}},"5":{"name":"getShqCount","line":112,"loc":{"start":{"line":112,"column":4},"end":{"line":114,"column":4}}},"6":{"name":"getBidCount","line":117,"loc":{"start":{"line":117,"column":4},"end":{"line":119,"column":4}}},"7":{"name":"getArea","line":121,"loc":{"start":{"line":121,"column":4},"end":{"line":123,"column":4}}},"8":{"name":"getCity","line":124,"loc":{"start":{"line":124,"column":4},"end":{"line":126,"column":4}}},"9":{"name":"getState","line":127,"loc":{"start":{"line":127,"column":5},"end":{"line":129,"column":4}}},"10":{"name":"getPrice","line":133,"loc":{"start":{"line":133,"column":4},"end":{"line":135,"column":4}}},"11":{"name":"getPID","line":136,"loc":{"start":{"line":136,"column":4},"end":{"line":138,"column":4}}},"12":{"name":"getSurveyNumber","line":139,"loc":{"start":{"line":139,"column":4},"end":{"line":141,"column":4}}},"13":{"name":"getImage","line":142,"loc":{"start":{"line":142,"column":4},"end":{"line":144,"column":4}}},"14":{"name":"getDocument","line":145,"loc":{"start":{"line":145,"column":4},"end":{"line":147,"column":4}}},"15":{"name":"getRfpOwner","line":149,"loc":{"start":{"line":149,"column":4},"end":{"line":151,"column":4}}},"16":{"name":"verifyShq","line":154,"loc":{"start":{"line":154,"column":4},"end":{"line":159,"column":4}}},"17":{"name":"rejectShq","line":162,"loc":{"start":{"line":162,"column":4},"end":{"line":167,"column":4}}},"18":{"name":"verifyAgency","line":170,"loc":{"start":{"line":170,"column":4},"end":{"line":175,"column":4}}},"19":{"name":"rejectAgency","line":177,"loc":{"start":{"line":177,"column":4},"end":{"line":182,"column":4}}},"20":{"name":"verifyRfp","line":185,"loc":{"start":{"line":185,"column":4},"end":{"line":189,"column":4}}},"21":{"name":"isRfpVerified","line":192,"loc":{"start":{"line":192,"column":4},"end":{"line":196,"column":4}}},"22":{"name":"isVerified","line":199,"loc":{"start":{"line":199,"column":4},"end":{"line":203,"column":4}}},"23":{"name":"isRejected","line":205,"loc":{"start":{"line":205,"column":4},"end":{"line":209,"column":4}}},"24":{"name":"isAgency","line":212,"loc":{"start":{"line":212,"column":4},"end":{"line":216,"column":4}}},"25":{"name":"isAdmin","line":219,"loc":{"start":{"line":219,"column":4},"end":{"line":225,"column":4}}},"26":{"name":"isShq","line":228,"loc":{"start":{"line":228,"column":4},"end":{"line":232,"column":4}}},"27":{"name":"isRegistered","line":234,"loc":{"start":{"line":234,"column":4},"end":{"line":238,"column":4}}},"28":{"name":"addRfp","line":241,"loc":{"start":{"line":241,"column":4},"end":{"line":247,"column":4}}},"29":{"name":"registerShq","line":251,"loc":{"start":{"line":251,"column":4},"end":{"line":261,"column":4}}},"30":{"name":"updateShq","line":264,"loc":{"start":{"line":264,"column":4},"end":{"line":274,"column":4}}},"31":{"name":"getShq","line":276,"loc":{"start":{"line":276,"column":4},"end":{"line":278,"column":4}}},"32":{"name":"getShqDetails","line":281,"loc":{"start":{"line":281,"column":4},"end":{"line":283,"column":4}}},"33":{"name":"registerAgency","line":286,"loc":{"start":{"line":286,"column":4},"end":{"line":297,"column":4}}},"34":{"name":"updateAgency","line":300,"loc":{"start":{"line":300,"column":4},"end":{"line":311,"column":4}}},"35":{"name":"getAgency","line":314,"loc":{"start":{"line":314,"column":4},"end":{"line":316,"column":4}}},"36":{"name":"getAgencyDetails","line":319,"loc":{"start":{"line":319,"column":4},"end":{"line":321,"column":4}}},"37":{"name":"requestBid","line":324,"loc":{"start":{"line":324,"column":4},"end":{"line":333,"column":4}}},"38":{"name":"getBidDetails","line":336,"loc":{"start":{"line":336,"column":4},"end":{"line":338,"column":4}}},"39":{"name":"isRequested","line":340,"loc":{"start":{"line":340,"column":4},"end":{"line":344,"column":4}}},"40":{"name":"isApproved","line":346,"loc":{"start":{"line":346,"column":4},"end":{"line":350,"column":4}}},"41":{"name":"approveRequest","line":352,"loc":{"start":{"line":352,"column":4},"end":{"line":357,"column":4}}},"42":{"name":"RfpOwnershipTransfer","line":359,"loc":{"start":{"line":359,"column":4},"end":{"line":363,"column":4}}},"43":{"name":"isPaid","line":365,"loc":{"start":{"line":365,"column":4},"end":{"line":369,"column":4}}},"44":{"name":"payment","line":371,"loc":{"start":{"line":371,"column":4},"end":{"line":374,"column":4}}}},"statementMap":{"1":{"start":{"line":92,"column":8},"end":{"line":92,"column":47}},"2":{"start":{"line":103,"column":8},"end":{"line":103,"column":23}},"3":{"start":{"line":108,"column":8},"end":{"line":108,"column":23}},"4":{"start":{"line":113,"column":8},"end":{"line":113,"column":26}},"5":{"start":{"line":118,"column":8},"end":{"line":118,"column":28}},"6":{"start":{"line":122,"column":8},"end":{"line":122,"column":27}},"7":{"start":{"line":125,"column":8},"end":{"line":125,"column":27}},"8":{"start":{"line":128,"column":8},"end":{"line":128,"column":28}},"9":{"start":{"line":134,"column":8},"end":{"line":134,"column":31}},"10":{"start":{"line":137,"column":8},"end":{"line":137,"column":30}},"11":{"start":{"line":140,"column":8},"end":{"line":140,"column":43}},"12":{"start":{"line":143,"column":8},"end":{"line":143,"column":31}},"13":{"start":{"line":146,"column":8},"end":{"line":146,"column":31}},"14":{"start":{"line":150,"column":8},"end":{"line":150,"column":27}},"15":{"start":{"line":155,"column":8},"end":{"line":155,"column":35}},"16":{"start":{"line":158,"column":8},"end":{"line":158,"column":29}},"17":{"start":{"line":163,"column":8},"end":{"line":163,"column":35}},"18":{"start":{"line":166,"column":8},"end":{"line":166,"column":29}},"19":{"start":{"line":171,"column":8},"end":{"line":171,"column":35}},"20":{"start":{"line":174,"column":8},"end":{"line":174,"column":32}},"21":{"start":{"line":178,"column":8},"end":{"line":178,"column":35}},"22":{"start":{"line":181,"column":8},"end":{"line":181,"column":32}},"23":{"start":{"line":186,"column":8},"end":{"line":186,"column":35}},"24":{"start":{"line":193,"column":8},"end":{"line":193,"column":5498}},"25":{"start":{"line":194,"column":12},"end":{"line":194,"column":23}},"26":{"start":{"line":200,"column":8},"end":{"line":200,"column":5652}},"27":{"start":{"line":201,"column":12},"end":{"line":201,"column":23}},"28":{"start":{"line":206,"column":8},"end":{"line":206,"column":5827}},"29":{"start":{"line":207,"column":12},"end":{"line":207,"column":23}},"30":{"start":{"line":213,"column":8},"end":{"line":213,"column":6011}},"31":{"start":{"line":214,"column":12},"end":{"line":214,"column":23}},"32":{"start":{"line":220,"column":8},"end":{"line":220,"column":6177}},"33":{"start":{"line":221,"column":12},"end":{"line":221,"column":23}},"34":{"start":{"line":223,"column":12},"end":{"line":223,"column":24}},"35":{"start":{"line":229,"column":8},"end":{"line":229,"column":6372}},"36":{"start":{"line":230,"column":12},"end":{"line":230,"column":23}},"37":{"start":{"line":235,"column":8},"end":{"line":235,"column":6560}},"38":{"start":{"line":236,"column":12},"end":{"line":236,"column":23}},"39":{"start":{"line":242,"column":8},"end":{"line":242,"column":63}},"40":{"start":{"line":253,"column":8},"end":{"line":253,"column":53}},"41":{"start":{"line":259,"column":8},"end":{"line":259,"column":31}},"42":{"start":{"line":260,"column":8},"end":{"line":260,"column":37}},"43":{"start":{"line":266,"column":8},"end":{"line":266,"column":97}},"44":{"start":{"line":277,"column":8},"end":{"line":277,"column":23}},"45":{"start":{"line":282,"column":8},"end":{"line":282,"column":157}},"46":{"start":{"line":288,"column":8},"end":{"line":288,"column":53}},"47":{"start":{"line":294,"column":8},"end":{"line":294,"column":34}},"48":{"start":{"line":296,"column":8},"end":{"line":296,"column":37}},"49":{"start":{"line":302,"column":8},"end":{"line":302,"column":100}},"50":{"start":{"line":315,"column":8},"end":{"line":315,"column":26}},"51":{"start":{"line":320,"column":8},"end":{"line":320,"column":193}},"52":{"start":{"line":325,"column":8},"end":{"line":325,"column":59}},"53":{"start":{"line":332,"column":8},"end":{"line":332,"column":33}},"54":{"start":{"line":337,"column":8},"end":{"line":337,"column":105}},"55":{"start":{"line":341,"column":8},"end":{"line":341,"column":11432}},"56":{"start":{"line":342,"column":12},"end":{"line":342,"column":23}},"57":{"start":{"line":347,"column":8},"end":{"line":347,"column":11574}},"58":{"start":{"line":348,"column":12},"end":{"line":348,"column":23}},"59":{"start":{"line":353,"column":8},"end":{"line":353,"column":66}},"60":{"start":{"line":360,"column":8},"end":{"line":360,"column":35}},"61":{"start":{"line":366,"column":8},"end":{"line":366,"column":12060}},"62":{"start":{"line":367,"column":12},"end":{"line":367,"column":23}},"63":{"start":{"line":373,"column":8},"end":{"line":373,"column":36}}},"branchMap":{"1":{"line":155,"type":"if","locations":[{"start":{"line":155,"column":8},"end":{"line":155,"column":8}},{"start":{"line":155,"column":8},"end":{"line":155,"column":8}}]},"2":{"line":163,"type":"if","locations":[{"start":{"line":163,"column":8},"end":{"line":163,"column":8}},{"start":{"line":163,"column":8},"end":{"line":163,"column":8}}]},"3":{"line":171,"type":"if","locations":[{"start":{"line":171,"column":8},"end":{"line":171,"column":8}},{"start":{"line":171,"column":8},"end":{"line":171,"column":8}}]},"4":{"line":178,"type":"if","locations":[{"start":{"line":178,"column":8},"end":{"line":178,"column":8}},{"start":{"line":178,"column":8},"end":{"line":178,"column":8}}]},"5":{"line":186,"type":"if","locations":[{"start":{"line":186,"column":8},"end":{"line":186,"column":8}},{"start":{"line":186,"column":8},"end":{"line":186,"column":8}}]},"6":{"line":193,"type":"if","locations":[{"start":{"line":193,"column":8},"end":{"line":193,"column":8}},{"start":{"line":193,"column":8},"end":{"line":193,"column":8}}]},"7":{"line":200,"type":"if","locations":[{"start":{"line":200,"column":8},"end":{"line":200,"column":8}},{"start":{"line":200,"column":8},"end":{"line":200,"column":8}}]},"8":{"line":200,"type":"cond-expr","locations":[{"start":{"line":200,"column":11},"end":{"line":200,"column":30}},{"start":{"line":200,"column":35},"end":{"line":200,"column":57}}]},"9":{"line":206,"type":"if","locations":[{"start":{"line":206,"column":8},"end":{"line":206,"column":8}},{"start":{"line":206,"column":8},"end":{"line":206,"column":8}}]},"10":{"line":206,"type":"cond-expr","locations":[{"start":{"line":206,"column":11},"end":{"line":206,"column":27}},{"start":{"line":206,"column":32},"end":{"line":206,"column":51}}]},"11":{"line":213,"type":"if","locations":[{"start":{"line":213,"column":8},"end":{"line":213,"column":8}},{"start":{"line":213,"column":8},"end":{"line":213,"column":8}}]},"12":{"line":220,"type":"if","locations":[{"start":{"line":220,"column":8},"end":{"line":220,"column":8}},{"start":{"line":220,"column":8},"end":{"line":220,"column":8}}]},"13":{"line":229,"type":"if","locations":[{"start":{"line":229,"column":8},"end":{"line":229,"column":8}},{"start":{"line":229,"column":8},"end":{"line":229,"column":8}}]},"14":{"line":229,"type":"cond-expr","locations":[{"start":{"line":229,"column":11},"end":{"line":229,"column":38}},{"start":{"line":229,"column":43},"end":{"line":229,"column":67}}]},"15":{"line":235,"type":"if","locations":[{"start":{"line":235,"column":8},"end":{"line":235,"column":8}},{"start":{"line":235,"column":8},"end":{"line":235,"column":8}}]},"16":{"line":242,"type":"if","locations":[{"start":{"line":242,"column":8},"end":{"line":242,"column":8}},{"start":{"line":242,"column":8},"end":{"line":242,"column":8}}]},"17":{"line":253,"type":"if","locations":[{"start":{"line":253,"column":8},"end":{"line":253,"column":8}},{"start":{"line":253,"column":8},"end":{"line":253,"column":8}}]},"18":{"line":266,"type":"if","locations":[{"start":{"line":266,"column":8},"end":{"line":266,"column":8}},{"start":{"line":266,"column":8},"end":{"line":266,"column":8}}]},"19":{"line":288,"type":"if","locations":[{"start":{"line":288,"column":8},"end":{"line":288,"column":8}},{"start":{"line":288,"column":8},"end":{"line":288,"column":8}}]},"20":{"line":302,"type":"if","locations":[{"start":{"line":302,"column":8},"end":{"line":302,"column":8}},{"start":{"line":302,"column":8},"end":{"line":302,"column":8}}]},"21":{"line":325,"type":"if","locations":[{"start":{"line":325,"column":8},"end":{"line":325,"column":8}},{"start":{"line":325,"column":8},"end":{"line":325,"column":8}}]},"22":{"line":341,"type":"if","locations":[{"start":{"line":341,"column":8},"end":{"line":341,"column":8}},{"start":{"line":341,"column":8},"end":{"line":341,"column":8}}]},"23":{"line":347,"type":"if","locations":[{"start":{"line":347,"column":8},"end":{"line":347,"column":8}},{"start":{"line":347,"column":8},"end":{"line":347,"column":8}}]},"24":{"line":353,"type":"if","locations":[{"start":{"line":353,"column":8},"end":{"line":353,"column":8}},{"start":{"line":353,"column":8},"end":{"line":353,"column":8}}]},"25":{"line":360,"type":"if","locations":[{"start":{"line":360,"column":8},"end":{"line":360,"column":8}},{"start":{"line":360,"column":8},"end":{"line":360,"column":8}}]},"26":{"line":366,"type":"if","locations":[{"start":{"line":366,"column":8},"end":{"line":366,"column":8}},{"start":{"line":366,"column":8},"end":{"line":366,"column":8}}]}}}}