TN:
SF:C:\Users\Raghav Patidar\Desktop\bttp\contracts\Migrations.sol
FN:9,constructor
FN:13,restricted
FN:17,setCompleted
FN:21,upgrade
FNF:4
FNH:0
FNDA:0,constructor
FNDA:0,restricted
FNDA:0,setCompleted
FNDA:0,upgrade
DA:10,0
DA:14,0
DA:18,0
DA:22,0
DA:23,0
LF:5
LH:0
BRDA:14,1,0,0
BRDA:14,1,1,0
BRDA:17,2,0,0
BRDA:17,2,1,0
BRDA:21,3,0,0
BRDA:21,3,1,0
BRF:6
BRH:0
end_of_record
TN:
SF:C:\Users\Raghav Patidar\Desktop\bttp\contracts\Rfp.sol
FN:90,constructor
FN:96,addAdmin
FN:102,getRfpCount
FN:107,getAgencyCount
FN:112,getShqCount
FN:117,getBidCount
FN:121,getArea
FN:124,getCity
FN:127,getState
FN:133,getPrice
FN:136,getPID
FN:139,getSurveyNumber
FN:142,getImage
FN:145,getDocument
FN:149,getRfpOwner
FN:154,verifyShq
FN:162,rejectShq
FN:170,verifyAgency
FN:177,rejectAgency
FN:185,verifyRfp
FN:192,isRfpVerified
FN:199,isVerified
FN:205,isRejected
FN:212,isAgency
FN:219,isAdmin
FN:228,isShq
FN:234,isRegistered
FN:241,addRfp
FN:251,registerShq
FN:264,updateShq
FN:276,getShq
FN:281,getShqDetails
FN:286,registerAgency
FN:300,updateAgency
FN:314,getAgency
FN:319,getAgencyDetails
FN:324,requestBid
FN:336,getBidDetails
FN:340,isRequested
FN:346,isApproved
FN:352,approveRequest
FN:359,RfpOwnershipTransfer
FN:365,isPaid
FN:371,payment
FNF:44
FNH:42
FNDA:1,constructor
FNDA:1,addAdmin
FNDA:1,getRfpCount
FNDA:1,getAgencyCount
FNDA:1,getShqCount
FNDA:1,getBidCount
FNDA:1,getArea
FNDA:1,getCity
FNDA:1,getState
FNDA:1,getPrice
FNDA:1,getPID
FNDA:1,getSurveyNumber
FNDA:1,getImage
FNDA:1,getDocument
FNDA:3,getRfpOwner
FNDA:6,verifyShq
FNDA:1,rejectShq
FNDA:15,verifyAgency
FNDA:1,rejectAgency
FNDA:2,verifyRfp
FNDA:3,isRfpVerified
FNDA:22,isVerified
FNDA:1,isRejected
FNDA:3,isAgency
FNDA:26,isAdmin
FNDA:20,isShq
FNDA:2,isRegistered
FNDA:14,addRfp
FNDA:10,registerShq
FNDA:1,updateShq
FNDA:2,getShq
FNDA:3,getShqDetails
FNDA:21,registerAgency
FNDA:1,updateAgency
FNDA:2,getAgency
FNDA:3,getAgencyDetails
FNDA:5,requestBid
FNDA:2,getBidDetails
FNDA:2,isRequested
FNDA:2,isApproved
FNDA:2,approveRequest
FNDA:1,RfpOwnershipTransfer
FNDA:0,isPaid
FNDA:0,payment
DA:91,1
DA:92,1
DA:97,1
DA:98,1
DA:103,1
DA:108,1
DA:113,1
DA:118,1
DA:122,1
DA:125,1
DA:128,1
DA:134,1
DA:137,1
DA:140,1
DA:143,1
DA:146,1
DA:150,3
DA:155,6
DA:157,6
DA:158,6
DA:163,1
DA:165,1
DA:166,1
DA:171,15
DA:173,15
DA:174,15
DA:178,1
DA:180,1
DA:181,1
DA:186,2
DA:188,2
DA:193,3
DA:194,2
DA:200,22
DA:201,22
DA:206,1
DA:207,1
DA:213,3
DA:214,2
DA:220,26
DA:221,26
DA:223,0
DA:229,20
DA:230,20
DA:235,2
DA:236,2
DA:242,14
DA:243,14
DA:244,14
DA:245,14
DA:253,10
DA:255,10
DA:256,10
DA:257,10
DA:258,10
DA:259,10
DA:260,10
DA:266,1
DA:268,1
DA:269,1
DA:270,1
DA:271,1
DA:272,1
DA:277,2
DA:282,3
DA:288,21
DA:290,21
DA:291,21
DA:292,21
DA:293,21
DA:294,21
DA:296,21
DA:302,1
DA:304,1
DA:305,1
DA:306,1
DA:307,1
DA:308,1
DA:309,1
DA:315,2
DA:320,3
DA:325,5
DA:327,5
DA:328,5
DA:329,5
DA:330,5
DA:332,5
DA:337,2
DA:341,2
DA:342,2
DA:347,2
DA:348,2
DA:353,2
DA:355,2
DA:360,1
DA:362,1
DA:366,0
DA:367,0
DA:372,0
DA:373,0
LF:100
LH:95
BRDA:155,1,0,6
BRDA:155,1,1,0
BRDA:163,2,0,1
BRDA:163,2,1,0
BRDA:171,3,0,15
BRDA:171,3,1,0
BRDA:178,4,0,1
BRDA:178,4,1,0
BRDA:186,5,0,2
BRDA:186,5,1,0
BRDA:193,6,0,2
BRDA:193,6,1,1
BRDA:200,7,0,22
BRDA:200,7,1,0
BRDA:200,8,0,8
BRDA:200,8,1,14
BRDA:206,9,0,1
BRDA:206,9,1,0
BRDA:206,10,0,1
BRDA:206,10,1,0
BRDA:213,11,0,2
BRDA:213,11,1,1
BRDA:220,12,0,26
BRDA:220,12,1,0
BRDA:229,13,0,20
BRDA:229,13,1,0
BRDA:229,14,0,14
BRDA:229,14,1,6
BRDA:235,15,0,2
BRDA:235,15,1,0
BRDA:242,16,0,14
BRDA:242,16,1,0
BRDA:253,17,0,10
BRDA:253,17,1,0
BRDA:266,18,0,1
BRDA:266,18,1,0
BRDA:288,19,0,21
BRDA:288,19,1,0
BRDA:302,20,0,1
BRDA:302,20,1,0
BRDA:325,21,0,5
BRDA:325,21,1,0
BRDA:341,22,0,2
BRDA:341,22,1,0
BRDA:347,23,0,2
BRDA:347,23,1,0
BRDA:353,24,0,2
BRDA:353,24,1,0
BRDA:360,25,0,1
BRDA:360,25,1,0
BRDA:366,26,0,0
BRDA:366,26,1,0
BRF:52
BRH:29
end_of_record
